[1716923264.075][INFO]: Starting ChromeDriver 109.0.5414.74 (e7c5703604daa9cc128ccf5a5d3e993513758913-refs/branch-heads/5414@{#1172}) on port 32203
[1716923264.075][INFO]: Please see https://chromedriver.chromium.org/security-considerations for suggestions on keeping ChromeDriver safe.
[1716923265.624][INFO]: [a464ec19f9704e9dfeae612002450708] COMMAND InitSession {
   "capabilities": {
      "firstMatch": [ {
         "browserName": "chrome",
         "goog:chromeOptions": {
            "args": [ "--remote-allow-origins=*" ],
            "debuggerAddress": "127.0.0.1:9222",
            "extensions": [  ]
         },
         "goog:loggingPrefs": {
            "browser": "ALL",
            "driver": "ALL"
         }
      } ]
   }
}
[1716923265.653][INFO]: [a464ec19f9704e9dfeae612002450708] RESPONSE InitSession {
   "capabilities": {
      "acceptInsecureCerts": false,
      "browserName": "chrome",
      "browserVersion": "109.0.5414.168",
      "chrome": {
         "chromedriverVersion": "109.0.5414.74 (e7c5703604daa9cc128ccf5a5d3e993513758913-refs/branch-heads/5414@{#1172})"
      },
      "goog:chromeOptions": {
         "debuggerAddress": "127.0.0.1:9222"
      },
      "pageLoadStrategy": "normal",
      "platformName": "",
      "proxy": {
      },
      "setWindowRect": false,
      "strictFileInteractability": false,
      "timeouts": {
         "implicit": 0,
         "pageLoad": 300000,
         "script": 30000
      },
      "unhandledPromptBehavior": "dismiss and notify",
      "webauthn:extension:credBlob": true,
      "webauthn:extension:largeBlob": true,
      "webauthn:virtualAuthenticators": true
   },
   "sessionId": "a464ec19f9704e9dfeae612002450708"
}
[1716923266.226][INFO]: [a464ec19f9704e9dfeae612002450708] COMMAND MaximizeWindow {
}
[1716923266.226][INFO]: Waiting for pending navigations...
[1716923266.229][INFO]: Done waiting for pending navigations. Status: ok
[1716923266.230][INFO]: Waiting for pending navigations...
[1716923266.231][INFO]: Done waiting for pending navigations. Status: ok
[1716923266.231][INFO]: [a464ec19f9704e9dfeae612002450708] RESPONSE MaximizeWindow {
   "height": 744,
   "width": 1382,
   "x": -1374,
   "y": -8
}
[1716923266.238][INFO]: [a464ec19f9704e9dfeae612002450708] COMMAND Navigate {
   "url": "https://www.youtube.com/"
}
[1716923266.238][INFO]: Waiting for pending navigations...
[1716923266.239][INFO]: Done waiting for pending navigations. Status: ok
[1716923266.746][INFO]: Waiting for pending navigations...
[1716923279.180][INFO]: Done waiting for pending navigations. Status: ok
[1716923279.180][INFO]: [a464ec19f9704e9dfeae612002450708] RESPONSE Navigate
[1716923279.197][INFO]: [a464ec19f9704e9dfeae612002450708] COMMAND SetTimeouts {
   "implicit": 30000
}
[1716923279.197][INFO]: [a464ec19f9704e9dfeae612002450708] RESPONSE SetTimeouts
[1716923279.212][INFO]: [a464ec19f9704e9dfeae612002450708] COMMAND Navigate {
   "url": "https://www.youtube.com/"
}
[1716923279.212][INFO]: Waiting for pending navigations...
[1716923279.213][INFO]: Done waiting for pending navigations. Status: ok
[1716923279.863][INFO]: Waiting for pending navigations...
[1716923282.909][INFO]: Done waiting for pending navigations. Status: ok
[1716923282.909][INFO]: [a464ec19f9704e9dfeae612002450708] RESPONSE Navigate
[1716923282.927][INFO]: [a464ec19f9704e9dfeae612002450708] COMMAND GetUrl {
}
[1716923282.928][INFO]: Waiting for pending navigations...
[1716923283.027][INFO]: Done waiting for pending navigations. Status: ok
[1716923283.211][INFO]: Waiting for pending navigations...
[1716923283.241][INFO]: Done waiting for pending navigations. Status: ok
[1716923283.241][INFO]: [a464ec19f9704e9dfeae612002450708] RESPONSE GetUrl "https://www.youtube.com/"
[1716923283.253][INFO]: [a464ec19f9704e9dfeae612002450708] COMMAND FindElement {
   "using": "xpath",
   "value": "//a[contains(text(),'About')]"
}
[1716923283.253][INFO]: Waiting for pending navigations...
[1716923283.271][INFO]: Done waiting for pending navigations. Status: ok
[1716923284.034][INFO]: Waiting for pending navigations...
[1716923287.450][INFO]: Done waiting for pending navigations. Status: ok
[1716923287.450][INFO]: [a464ec19f9704e9dfeae612002450708] RESPONSE FindElement {
   "element-6066-11e4-a52e-4f735466cecf": "920c8a02-9672-40f7-adbc-0c49970eef41"
}
[1716923287.470][INFO]: [a464ec19f9704e9dfeae612002450708] COMMAND ExecuteScript {
   "args": [ {
      "element-6066-11e4-a52e-4f735466cecf": "920c8a02-9672-40f7-adbc-0c49970eef41"
   } ],
   "script": "arguments[0].scrollIntoView();"
}
[1716923287.470][INFO]: Waiting for pending navigations...
[1716923287.633][INFO]: Done waiting for pending navigations. Status: ok
[1716923287.893][INFO]: Waiting for pending navigations...
[1716923288.021][INFO]: Done waiting for pending navigations. Status: ok
[1716923288.022][INFO]: [a464ec19f9704e9dfeae612002450708] RESPONSE ExecuteScript null
[1716923288.075][INFO]: [a464ec19f9704e9dfeae612002450708] COMMAND ClickElement {
   "id": "920c8a02-9672-40f7-adbc-0c49970eef41"
}
[1716923288.075][INFO]: Waiting for pending navigations...
[1716923288.692][INFO]: Done waiting for pending navigations. Status: ok
[1716923289.703][INFO]: Waiting for pending navigations...
[1716923299.724][INFO]: Done waiting for pending navigations. Status: ok
[1716923299.724][INFO]: [a464ec19f9704e9dfeae612002450708] RESPONSE ClickElement
[1716923299.734][INFO]: [a464ec19f9704e9dfeae612002450708] COMMAND FindElement {
   "using": "xpath",
   "value": "//*[@id='content']/section/p[1]"
}
[1716923299.734][INFO]: Waiting for pending navigations...
[1716923300.243][INFO]: Done waiting for pending navigations. Status: ok
[1716923300.292][INFO]: Waiting for pending navigations...
[1716923300.294][INFO]: Done waiting for pending navigations. Status: ok
[1716923300.294][INFO]: [a464ec19f9704e9dfeae612002450708] RESPONSE FindElement {
   "element-6066-11e4-a52e-4f735466cecf": "170aeee0-bd02-4cab-b208-be170f617430"
}
[1716923300.299][INFO]: [a464ec19f9704e9dfeae612002450708] COMMAND GetElementText {
   "id": "170aeee0-bd02-4cab-b208-be170f617430"
}
[1716923300.299][INFO]: Waiting for pending navigations...
[1716923300.300][INFO]: Done waiting for pending navigations. Status: ok
[1716923300.320][INFO]: Waiting for pending navigations...
[1716923300.321][INFO]: Done waiting for pending navigations. Status: ok
[1716923300.321][INFO]: [a464ec19f9704e9dfeae612002450708] RESPONSE GetElementText "Our mission is to give everyone a voice and show them the world."
[1716923300.326][INFO]: [a464ec19f9704e9dfeae612002450708] COMMAND GetUrl {
}
[1716923300.326][INFO]: Waiting for pending navigations...
[1716923300.327][INFO]: Done waiting for pending navigations. Status: ok
[1716923300.331][INFO]: Waiting for pending navigations...
[1716923300.332][INFO]: Done waiting for pending navigations. Status: ok
[1716923300.332][INFO]: [a464ec19f9704e9dfeae612002450708] RESPONSE GetUrl "https://about.youtube/"
[1716923300.340][INFO]: [a464ec19f9704e9dfeae612002450708] COMMAND Navigate {
   "url": "https://www.youtube.com/"
}
[1716923300.340][INFO]: Waiting for pending navigations...
[1716923300.341][INFO]: Done waiting for pending navigations. Status: ok
[1716923300.719][INFO]: Waiting for pending navigations...
[1716923303.855][INFO]: Done waiting for pending navigations. Status: ok
[1716923303.855][INFO]: [a464ec19f9704e9dfeae612002450708] RESPONSE Navigate
[1716923303.882][INFO]: [a464ec19f9704e9dfeae612002450708] COMMAND FindElement {
   "using": "xpath",
   "value": "//a[@title='Movies']"
}
[1716923303.882][INFO]: Waiting for pending navigations...
[1716923304.413][INFO]: Done waiting for pending navigations. Status: ok
[1716923310.352][INFO]: Waiting for pending navigations...
[1716923310.417][INFO]: Done waiting for pending navigations. Status: ok
[1716923310.417][INFO]: [a464ec19f9704e9dfeae612002450708] RESPONSE FindElement {
   "element-6066-11e4-a52e-4f735466cecf": "ecf1becd-56f9-4ef7-abe1-e397ef834716"
}
[1716923310.437][INFO]: [a464ec19f9704e9dfeae612002450708] COMMAND ClickElement {
   "id": "ecf1becd-56f9-4ef7-abe1-e397ef834716"
}
[1716923310.437][INFO]: Waiting for pending navigations...
[1716923310.442][INFO]: Done waiting for pending navigations. Status: ok
[1716923311.114][INFO]: Waiting for pending navigations...
[1716923311.195][INFO]: Done waiting for pending navigations. Status: ok
[1716923311.195][INFO]: [a464ec19f9704e9dfeae612002450708] RESPONSE ClickElement
[1716923311.240][INFO]: [a464ec19f9704e9dfeae612002450708] COMMAND FindElement {
   "using": "xpath",
   "value": "/html/body/ytd-app/div[1]/ytd-page-manager/ytd-browse[2]/ytd-two-column-browse-results-renderer/div[1]/ytd-section-list-renderer/div[2]/ytd-item-section-renderer[2]/div[3]/ytd-shelf-renderer/div[1]/div[2]/yt-horizontal-list-renderer/div[3]/ytd-button-renderer/yt-button-shape/button/yt-touch-feedback-shape/div"
}
[1716923311.240][INFO]: Waiting for pending navigations...
[1716923311.395][INFO]: Done waiting for pending navigations. Status: ok
[1716923312.416][INFO]: Waiting for pending navigations...
[1716923312.572][INFO]: Done waiting for pending navigations. Status: ok
[1716923312.572][INFO]: [a464ec19f9704e9dfeae612002450708] RESPONSE FindElement {
   "element-6066-11e4-a52e-4f735466cecf": "df80934a-7e0e-4e77-b201-b3e1aacf0a1f"
}
[1716923312.585][INFO]: [a464ec19f9704e9dfeae612002450708] COMMAND ClickElement {
   "id": "df80934a-7e0e-4e77-b201-b3e1aacf0a1f"
}
[1716923312.585][INFO]: Waiting for pending navigations...
[1716923312.649][INFO]: Done waiting for pending navigations. Status: ok
[1716923313.822][INFO]: Waiting for pending navigations...
[1716923313.955][INFO]: Done waiting for pending navigations. Status: ok
[1716923313.955][INFO]: [a464ec19f9704e9dfeae612002450708] RESPONSE ClickElement
[1716923313.963][INFO]: [a464ec19f9704e9dfeae612002450708] COMMAND ClickElement {
   "id": "df80934a-7e0e-4e77-b201-b3e1aacf0a1f"
}
[1716923313.963][INFO]: Waiting for pending navigations...
[1716923314.231][INFO]: Done waiting for pending navigations. Status: ok
[1716923314.700][INFO]: Waiting for pending navigations...
[1716923314.749][INFO]: Done waiting for pending navigations. Status: ok
[1716923314.749][INFO]: [a464ec19f9704e9dfeae612002450708] RESPONSE ClickElement
[1716923314.762][INFO]: [a464ec19f9704e9dfeae612002450708] COMMAND ClickElement {
   "id": "df80934a-7e0e-4e77-b201-b3e1aacf0a1f"
}
[1716923314.763][INFO]: Waiting for pending navigations...
[1716923314.835][INFO]: Done waiting for pending navigations. Status: ok
[1716923315.434][INFO]: Waiting for pending navigations...
[1716923315.447][INFO]: Done waiting for pending navigations. Status: ok
[1716923315.447][INFO]: [a464ec19f9704e9dfeae612002450708] RESPONSE ClickElement
[1716923315.460][INFO]: [a464ec19f9704e9dfeae612002450708] COMMAND FindElement {
   "using": "xpath",
   "value": "//*[@id='items']/ytd-grid-movie-renderer[16]"
}
[1716923315.460][INFO]: Waiting for pending navigations...
[1716923315.584][INFO]: Done waiting for pending navigations. Status: ok
[1716923315.670][INFO]: Waiting for pending navigations...
[1716923315.722][INFO]: Done waiting for pending navigations. Status: ok
[1716923315.722][INFO]: [a464ec19f9704e9dfeae612002450708] RESPONSE FindElement {
   "element-6066-11e4-a52e-4f735466cecf": "f397bb33-5f23-4827-a1c6-e31e1828ece0"
}
[1716923315.731][INFO]: [a464ec19f9704e9dfeae612002450708] COMMAND FindChildElement {
   "id": "f397bb33-5f23-4827-a1c6-e31e1828ece0",
   "using": "xpath",
   "value": "./ytd-badge-supported-renderer/div[2]"
}
[1716923315.731][INFO]: Waiting for pending navigations...
[1716923315.748][INFO]: Done waiting for pending navigations. Status: ok
[1716923315.771][INFO]: Waiting for pending navigations...
[1716923315.772][INFO]: Done waiting for pending navigations. Status: ok
[1716923315.772][INFO]: [a464ec19f9704e9dfeae612002450708] RESPONSE FindChildElement {
   "element-6066-11e4-a52e-4f735466cecf": "6c90168b-6862-4364-85cf-09b7f40c3758"
}
[1716923315.780][INFO]: [a464ec19f9704e9dfeae612002450708] COMMAND GetElementText {
   "id": "6c90168b-6862-4364-85cf-09b7f40c3758"
}
[1716923315.780][INFO]: Waiting for pending navigations...
[1716923315.803][INFO]: Done waiting for pending navigations. Status: ok
[1716923315.840][INFO]: Waiting for pending navigations...
[1716923315.853][INFO]: Done waiting for pending navigations. Status: ok
[1716923315.853][INFO]: [a464ec19f9704e9dfeae612002450708] RESPONSE GetElementText "A"
[1716923315.861][INFO]: [a464ec19f9704e9dfeae612002450708] COMMAND FindChildElement {
   "id": "f397bb33-5f23-4827-a1c6-e31e1828ece0",
   "using": "xpath",
   "value": ".//span[@class='grid-movie-renderer-metadata style-scope ytd-grid-movie-renderer']"
}
[1716923315.861][INFO]: Waiting for pending navigations...
[1716923315.873][INFO]: Done waiting for pending navigations. Status: ok
[1716923315.933][INFO]: Waiting for pending navigations...
[1716923315.938][INFO]: Done waiting for pending navigations. Status: ok
[1716923315.938][INFO]: [a464ec19f9704e9dfeae612002450708] RESPONSE FindChildElement {
   "element-6066-11e4-a52e-4f735466cecf": "7eac3785-3f27-4513-bc42-52f190e414b2"
}
[1716923315.948][INFO]: [a464ec19f9704e9dfeae612002450708] COMMAND GetElementText {
   "id": "7eac3785-3f27-4513-bc42-52f190e414b2"
}
[1716923315.948][INFO]: Waiting for pending navigations...
[1716923315.996][INFO]: Done waiting for pending navigations. Status: ok
[1716923316.045][INFO]: Waiting for pending navigations...
[1716923316.063][INFO]: Done waiting for pending navigations. Status: ok
[1716923316.063][INFO]: [a464ec19f9704e9dfeae612002450708] RESPONSE GetElementText "Comedy • 2013"
[1716923316.073][INFO]: [a464ec19f9704e9dfeae612002450708] COMMAND GetUrl {
}
[1716923316.074][INFO]: Waiting for pending navigations...
[1716923316.352][INFO]: Done waiting for pending navigations. Status: ok
[1716923316.437][INFO]: Waiting for pending navigations...
[1716923316.507][INFO]: Done waiting for pending navigations. Status: ok
[1716923316.507][INFO]: [a464ec19f9704e9dfeae612002450708] RESPONSE GetUrl "https://www.youtube.com/feed/storefront?bp=ogUCKAU%3D"
[1716923316.517][INFO]: [a464ec19f9704e9dfeae612002450708] COMMAND Navigate {
   "url": "https://www.youtube.com/"
}
[1716923316.517][INFO]: Waiting for pending navigations...
[1716923316.581][INFO]: Done waiting for pending navigations. Status: ok
[1716923317.020][INFO]: Waiting for pending navigations...
[1716923320.156][INFO]: Done waiting for pending navigations. Status: ok
[1716923320.156][INFO]: [a464ec19f9704e9dfeae612002450708] RESPONSE Navigate
[1716923320.170][INFO]: [a464ec19f9704e9dfeae612002450708] COMMAND FindElement {
   "using": "xpath",
   "value": "//a[@title='Music']"
}
[1716923320.171][INFO]: Waiting for pending navigations...
[1716923320.362][INFO]: Done waiting for pending navigations. Status: ok
[1716923325.612][INFO]: Waiting for pending navigations...
[1716923325.672][INFO]: Done waiting for pending navigations. Status: ok
[1716923325.672][INFO]: [a464ec19f9704e9dfeae612002450708] RESPONSE FindElement {
   "element-6066-11e4-a52e-4f735466cecf": "8a4185c2-922e-4c20-9712-65ac59674bb7"
}
[1716923325.680][INFO]: [a464ec19f9704e9dfeae612002450708] COMMAND ClickElement {
   "id": "8a4185c2-922e-4c20-9712-65ac59674bb7"
}
[1716923325.680][INFO]: Waiting for pending navigations...
[1716923325.730][INFO]: Done waiting for pending navigations. Status: ok
[1716923325.952][INFO]: Waiting for pending navigations...
[1716923326.019][INFO]: Done waiting for pending navigations. Status: ok
[1716923326.019][INFO]: [a464ec19f9704e9dfeae612002450708] RESPONSE ClickElement
[1716923326.030][INFO]: [a464ec19f9704e9dfeae612002450708] COMMAND FindElement {
   "using": "xpath",
   "value": "//*[@id='right-arrow']/ytd-button-renderer/yt-button-shape/button"
}
[1716923326.030][INFO]: Waiting for pending navigations...
[1716923326.080][INFO]: Done waiting for pending navigations. Status: ok
[1716923327.112][INFO]: Waiting for pending navigations...
[1716923327.178][INFO]: Done waiting for pending navigations. Status: ok
[1716923327.178][INFO]: [a464ec19f9704e9dfeae612002450708] RESPONSE FindElement {
   "element-6066-11e4-a52e-4f735466cecf": "59469f7c-c43a-46c8-ae1c-20fa41cf9bf0"
}
[1716923327.187][INFO]: [a464ec19f9704e9dfeae612002450708] COMMAND ClickElement {
   "id": "59469f7c-c43a-46c8-ae1c-20fa41cf9bf0"
}
[1716923327.187][INFO]: Waiting for pending navigations...
[1716923327.293][INFO]: Done waiting for pending navigations. Status: ok
[1716923328.775][INFO]: Waiting for pending navigations...
[1716923328.871][INFO]: Done waiting for pending navigations. Status: ok
[1716923328.871][INFO]: [a464ec19f9704e9dfeae612002450708] RESPONSE ClickElement
[1716923328.889][INFO]: [a464ec19f9704e9dfeae612002450708] COMMAND ClickElement {
   "id": "59469f7c-c43a-46c8-ae1c-20fa41cf9bf0"
}
[1716923328.889][INFO]: Waiting for pending navigations...
[1716923329.106][INFO]: Done waiting for pending navigations. Status: ok
[1716923330.031][INFO]: Waiting for pending navigations...
[1716923330.133][INFO]: Done waiting for pending navigations. Status: ok
[1716923330.133][INFO]: [a464ec19f9704e9dfeae612002450708] RESPONSE ClickElement
[1716923330.155][INFO]: [a464ec19f9704e9dfeae612002450708] COMMAND ClickElement {
   "id": "59469f7c-c43a-46c8-ae1c-20fa41cf9bf0"
}
[1716923330.155][INFO]: Waiting for pending navigations...
[1716923330.206][INFO]: Done waiting for pending navigations. Status: ok
[1716923331.284][INFO]: Waiting for pending navigations...
[1716923331.299][INFO]: Done waiting for pending navigations. Status: ok
[1716923331.299][INFO]: [a464ec19f9704e9dfeae612002450708] RESPONSE ClickElement
[1716923331.307][INFO]: [a464ec19f9704e9dfeae612002450708] COMMAND FindElement {
   "using": "xpath",
   "value": "//*[@id='items']/ytd-compact-station-renderer[11]/div/a/h3"
}
[1716923331.307][INFO]: Waiting for pending navigations...
[1716923331.338][INFO]: Done waiting for pending navigations. Status: ok
[1716923331.418][INFO]: Waiting for pending navigations...
[1716923331.456][INFO]: Done waiting for pending navigations. Status: ok
[1716923331.456][INFO]: [a464ec19f9704e9dfeae612002450708] RESPONSE FindElement {
   "element-6066-11e4-a52e-4f735466cecf": "e2ce11b9-12a1-4cce-9ad1-0166654cc5ec"
}
[1716923331.465][INFO]: [a464ec19f9704e9dfeae612002450708] COMMAND GetElementText {
   "id": "e2ce11b9-12a1-4cce-9ad1-0166654cc5ec"
}
[1716923331.465][INFO]: Waiting for pending navigations...
[1716923331.509][INFO]: Done waiting for pending navigations. Status: ok
[1716923331.563][INFO]: Waiting for pending navigations...
[1716923331.600][INFO]: Done waiting for pending navigations. Status: ok
[1716923331.601][INFO]: [a464ec19f9704e9dfeae612002450708] RESPONSE GetElementText "Bollywood Dance Hitlist"
[1716923331.625][INFO]: [a464ec19f9704e9dfeae612002450708] COMMAND FindElement {
   "using": "xpath",
   "value": "//*[@id='items']/ytd-compact-station-renderer[11]/div/a/p"
}
[1716923331.625][INFO]: Waiting for pending navigations...
[1716923331.643][INFO]: Done waiting for pending navigations. Status: ok
[1716923331.750][INFO]: Waiting for pending navigations...
[1716923331.769][INFO]: Done waiting for pending navigations. Status: ok
[1716923331.769][INFO]: [a464ec19f9704e9dfeae612002450708] RESPONSE FindElement {
   "element-6066-11e4-a52e-4f735466cecf": "53b6a421-ee94-49ef-bca5-4a7af924e0d5"
}
[1716923331.774][INFO]: [a464ec19f9704e9dfeae612002450708] COMMAND GetElementText {
   "id": "53b6a421-ee94-49ef-bca5-4a7af924e0d5"
}
[1716923331.774][INFO]: Waiting for pending navigations...
[1716923331.826][INFO]: Done waiting for pending navigations. Status: ok
[1716923331.878][INFO]: Waiting for pending navigations...
[1716923331.928][INFO]: Done waiting for pending navigations. Status: ok
[1716923331.928][INFO]: [a464ec19f9704e9dfeae612002450708] RESPONSE GetElementText "50 tracks"
[1716923331.939][INFO]: [a464ec19f9704e9dfeae612002450708] COMMAND GetUrl {
}
[1716923331.939][INFO]: Waiting for pending navigations...
[1716923331.970][INFO]: Done waiting for pending navigations. Status: ok
[1716923331.988][INFO]: Waiting for pending navigations...
[1716923332.041][INFO]: Done waiting for pending navigations. Status: ok
[1716923332.041][INFO]: [a464ec19f9704e9dfeae612002450708] RESPONSE GetUrl "https://www.youtube.com/channel/UC-9-kyTW8ZkZNDHQJ6FgpwQ"
[1716923332.055][INFO]: [a464ec19f9704e9dfeae612002450708] COMMAND Navigate {
   "url": "https://www.youtube.com/"
}
[1716923332.055][INFO]: Waiting for pending navigations...
[1716923332.072][INFO]: Done waiting for pending navigations. Status: ok
[1716923332.602][INFO]: Waiting for pending navigations...
[1716923335.589][INFO]: Done waiting for pending navigations. Status: ok
[1716923335.589][INFO]: [a464ec19f9704e9dfeae612002450708] RESPONSE Navigate
[1716923335.596][INFO]: [a464ec19f9704e9dfeae612002450708] COMMAND FindElement {
   "using": "xpath",
   "value": "//a[@title='News']"
}
[1716923335.596][INFO]: Waiting for pending navigations...
[1716923335.809][INFO]: Done waiting for pending navigations. Status: ok
[1716923342.062][INFO]: Waiting for pending navigations...
[1716923342.194][INFO]: Done waiting for pending navigations. Status: ok
[1716923342.194][INFO]: [a464ec19f9704e9dfeae612002450708] RESPONSE FindElement {
   "element-6066-11e4-a52e-4f735466cecf": "33308a9b-e2b2-4c0a-b373-a81af6265c93"
}
[1716923342.206][INFO]: [a464ec19f9704e9dfeae612002450708] COMMAND ClickElement {
   "id": "33308a9b-e2b2-4c0a-b373-a81af6265c93"
}
[1716923342.206][INFO]: Waiting for pending navigations...
[1716923342.737][INFO]: Done waiting for pending navigations. Status: ok
[1716923345.221][INFO]: Waiting for pending navigations...
[1716923345.286][INFO]: Done waiting for pending navigations. Status: ok
[1716923345.286][INFO]: [a464ec19f9704e9dfeae612002450708] RESPONSE ClickElement
[1716923345.329][INFO]: [a464ec19f9704e9dfeae612002450708] COMMAND FindElement {
   "using": "xpath",
   "value": "/html/body/ytd-app/div[1]/ytd-page-manager/ytd-browse[2]/ytd-two-column-browse-results-renderer/div[1]/ytd-rich-grid-renderer/div[6]/ytd-rich-section-renderer[2]/div/ytd-rich-shelf-renderer/div[1]/div[2]/ytd-rich-item-renderer[1]/div/ytd-post-renderer/div[1]/div[1]/div[2]/a/span"
}
[1716923345.329][INFO]: Waiting for pending navigations...
[1716923345.391][INFO]: Done waiting for pending navigations. Status: ok
[1716923367.411][INFO]: Waiting for pending navigations...
[1716923367.492][INFO]: Done waiting for pending navigations. Status: ok
[1716923367.492][INFO]: [a464ec19f9704e9dfeae612002450708] RESPONSE FindElement {
   "element-6066-11e4-a52e-4f735466cecf": "cb6f3923-fa1a-41d9-9db1-c68927da7210"
}
[1716923367.500][INFO]: [a464ec19f9704e9dfeae612002450708] COMMAND GetElementText {
   "id": "cb6f3923-fa1a-41d9-9db1-c68927da7210"
}
[1716923367.500][INFO]: Waiting for pending navigations...
[1716923368.464][INFO]: Done waiting for pending navigations. Status: ok
[1716923368.662][INFO]: Waiting for pending navigations...
[1716923368.819][INFO]: Done waiting for pending navigations. Status: ok
[1716923368.819][INFO]: [a464ec19f9704e9dfeae612002450708] RESPONSE GetElementText "Republic Bharat"
[1716923368.826][INFO]: [a464ec19f9704e9dfeae612002450708] COMMAND FindElement {
   "using": "xpath",
   "value": "/html/body/ytd-app/div[1]/ytd-page-manager/ytd-browse[2]/ytd-two-column-browse-results-renderer/div[1]/ytd-rich-grid-renderer/div[6]/ytd-rich-section-renderer[2]/div/ytd-rich-shelf-renderer/div[1]/div[2]/ytd-rich-item-renderer[\"+i+\"]/div/ytd-post-renderer/div[1]/div[2]/div[1]/yt-formatted-string/span"
}
[1716923368.826][INFO]: Waiting for pending navigations...
[1716923368.838][INFO]: Done waiting for pending navigations. Status: ok
[1716923368.895][INFO]: Waiting for pending navigations...
[1716923368.897][INFO]: Done waiting for pending navigations. Status: ok
[1716923368.897][INFO]: [a464ec19f9704e9dfeae612002450708] RESPONSE FindElement {
   "element-6066-11e4-a52e-4f735466cecf": "cc7929c7-d14f-4ddb-9201-13c6006b777f"
}
[1716923368.902][INFO]: [a464ec19f9704e9dfeae612002450708] COMMAND GetElementText {
   "id": "cc7929c7-d14f-4ddb-9201-13c6006b777f"
}
[1716923368.902][INFO]: Waiting for pending navigations...
[1716923368.969][INFO]: Done waiting for pending navigations. Status: ok
[1716923369.045][INFO]: Waiting for pending navigations...
[1716923369.048][INFO]: Done waiting for pending navigations. Status: ok
[1716923369.048][INFO]: [a464ec19f9704e9dfeae612002450708] RESPONSE GetElementText "Watch Video:"
[1716923369.066][INFO]: [a464ec19f9704e9dfeae612002450708] COMMAND FindElement {
   "using": "xpath",
   "value": "/html/body/ytd-app/div[1]/ytd-page-manager/ytd-browse[2]/ytd-two-column-browse-results-renderer/div[1]/ytd-rich-grid-renderer/div[6]/ytd-rich-section-renderer[2]/div/ytd-rich-shelf-renderer/div[1]/div[2]/ytd-rich-item-renderer[2]/div/ytd-post-renderer/div[1]/div[1]/div[2]/a/span"
}
[1716923369.066][INFO]: Waiting for pending navigations...
[1716923369.069][INFO]: Done waiting for pending navigations. Status: ok
[1716923369.143][INFO]: Waiting for pending navigations...
[1716923369.241][INFO]: Done waiting for pending navigations. Status: ok
[1716923369.241][INFO]: [a464ec19f9704e9dfeae612002450708] RESPONSE FindElement {
   "element-6066-11e4-a52e-4f735466cecf": "e764e401-2484-4f1f-929b-eab092247f55"
}
[1716923369.272][INFO]: [a464ec19f9704e9dfeae612002450708] COMMAND GetElementText {
   "id": "e764e401-2484-4f1f-929b-eab092247f55"
}
[1716923369.272][INFO]: Waiting for pending navigations...
[1716923369.276][INFO]: Done waiting for pending navigations. Status: ok
[1716923369.313][INFO]: Waiting for pending navigations...
[1716923369.329][INFO]: Done waiting for pending navigations. Status: ok
[1716923369.330][INFO]: [a464ec19f9704e9dfeae612002450708] RESPONSE GetElementText "Navbharat Times नवभारत टाइम्स"
[1716923369.340][INFO]: [a464ec19f9704e9dfeae612002450708] COMMAND FindElement {
   "using": "xpath",
   "value": "/html/body/ytd-app/div[1]/ytd-page-manager/ytd-browse[2]/ytd-two-column-browse-results-renderer/div[1]/ytd-rich-grid-renderer/div[6]/ytd-rich-section-renderer[2]/div/ytd-rich-shelf-renderer/div[1]/div[2]/ytd-rich-item-renderer[\"+i+\"]/div/ytd-post-renderer/div[1]/div[2]/div[1]/yt-formatted-string/span"
}
[1716923369.340][INFO]: Waiting for pending navigations...
[1716923369.357][INFO]: Done waiting for pending navigations. Status: ok
[1716923369.457][INFO]: Waiting for pending navigations...
[1716923369.479][INFO]: Done waiting for pending navigations. Status: ok
[1716923369.479][INFO]: [a464ec19f9704e9dfeae612002450708] RESPONSE FindElement {
   "element-6066-11e4-a52e-4f735466cecf": "cc7929c7-d14f-4ddb-9201-13c6006b777f"
}
[1716923369.490][INFO]: [a464ec19f9704e9dfeae612002450708] COMMAND GetElementText {
   "id": "cc7929c7-d14f-4ddb-9201-13c6006b777f"
}
[1716923369.490][INFO]: Waiting for pending navigations...
[1716923369.505][INFO]: Done waiting for pending navigations. Status: ok
[1716923369.541][INFO]: Waiting for pending navigations...
[1716923369.562][INFO]: Done waiting for pending navigations. Status: ok
[1716923369.562][INFO]: [a464ec19f9704e9dfeae612002450708] RESPONSE GetElementText "Watch Video:"
[1716923369.569][INFO]: [a464ec19f9704e9dfeae612002450708] COMMAND FindElement {
   "using": "xpath",
   "value": "/html/body/ytd-app/div[1]/ytd-page-manager/ytd-browse[2]/ytd-two-column-browse-results-renderer/div[1]/ytd-rich-grid-renderer/div[6]/ytd-rich-section-renderer[2]/div/ytd-rich-shelf-renderer/div[1]/div[2]/ytd-rich-item-renderer[3]/div/ytd-post-renderer/div[1]/div[1]/div[2]/a/span"
}
[1716923369.569][INFO]: Waiting for pending navigations...
[1716923369.589][INFO]: Done waiting for pending navigations. Status: ok
[1716923369.658][INFO]: Waiting for pending navigations...
[1716923369.683][INFO]: Done waiting for pending navigations. Status: ok
[1716923369.683][INFO]: [a464ec19f9704e9dfeae612002450708] RESPONSE FindElement {
   "element-6066-11e4-a52e-4f735466cecf": "81da62bb-330b-4e36-bbba-70fb010aa3a5"
}
[1716923369.690][INFO]: [a464ec19f9704e9dfeae612002450708] COMMAND GetElementText {
   "id": "81da62bb-330b-4e36-bbba-70fb010aa3a5"
}
[1716923369.690][INFO]: Waiting for pending navigations...
[1716923369.746][INFO]: Done waiting for pending navigations. Status: ok
[1716923369.791][INFO]: Waiting for pending navigations...
[1716923369.816][INFO]: Done waiting for pending navigations. Status: ok
[1716923369.816][INFO]: [a464ec19f9704e9dfeae612002450708] RESPONSE GetElementText "Sports Tak"
[1716923369.825][INFO]: [a464ec19f9704e9dfeae612002450708] COMMAND FindElement {
   "using": "xpath",
   "value": "/html/body/ytd-app/div[1]/ytd-page-manager/ytd-browse[2]/ytd-two-column-browse-results-renderer/div[1]/ytd-rich-grid-renderer/div[6]/ytd-rich-section-renderer[2]/div/ytd-rich-shelf-renderer/div[1]/div[2]/ytd-rich-item-renderer[\"+i+\"]/div/ytd-post-renderer/div[1]/div[2]/div[1]/yt-formatted-string/span"
}
[1716923369.825][INFO]: Waiting for pending navigations...
[1716923369.834][INFO]: Done waiting for pending navigations. Status: ok
[1716923369.890][INFO]: Waiting for pending navigations...
[1716923369.910][INFO]: Done waiting for pending navigations. Status: ok
[1716923369.910][INFO]: [a464ec19f9704e9dfeae612002450708] RESPONSE FindElement {
   "element-6066-11e4-a52e-4f735466cecf": "cc7929c7-d14f-4ddb-9201-13c6006b777f"
}
[1716923369.915][INFO]: [a464ec19f9704e9dfeae612002450708] COMMAND GetElementText {
   "id": "cc7929c7-d14f-4ddb-9201-13c6006b777f"
}
[1716923369.915][INFO]: Waiting for pending navigations...
[1716923369.932][INFO]: Done waiting for pending navigations. Status: ok
[1716923369.963][INFO]: Waiting for pending navigations...
[1716923369.988][INFO]: Done waiting for pending navigations. Status: ok
[1716923369.988][INFO]: [a464ec19f9704e9dfeae612002450708] RESPONSE GetElementText "Watch Video:"
[1716923370.008][INFO]: [a464ec19f9704e9dfeae612002450708] COMMAND FindElement {
   "using": "xpath",
   "value": "/html/body/ytd-app/div[1]/ytd-page-manager/ytd-browse[2]/ytd-two-column-browse-results-renderer/div[1]/ytd-rich-grid-renderer/div[6]/ytd-rich-section-renderer[2]/div/ytd-rich-shelf-renderer/div[1]/div[2]/ytd-rich-item-renderer[1]/div/ytd-post-renderer/div[1]/div[3]/ytd-comment-action-buttons-renderer/div[1]/span[2]"
}
[1716923370.008][INFO]: Waiting for pending navigations...
[1716923370.021][INFO]: Done waiting for pending navigations. Status: ok
[1716923370.088][INFO]: Waiting for pending navigations...
[1716923370.106][INFO]: Done waiting for pending navigations. Status: ok
[1716923370.106][INFO]: [a464ec19f9704e9dfeae612002450708] RESPONSE FindElement {
   "element-6066-11e4-a52e-4f735466cecf": "6c0669ab-a907-4808-91f1-c0d96d2273f5"
}
[1716923370.113][INFO]: [a464ec19f9704e9dfeae612002450708] COMMAND GetElementText {
   "id": "6c0669ab-a907-4808-91f1-c0d96d2273f5"
}
[1716923370.113][INFO]: Waiting for pending navigations...
[1716923370.128][INFO]: Done waiting for pending navigations. Status: ok
[1716923370.198][INFO]: Waiting for pending navigations...
[1716923370.239][INFO]: Done waiting for pending navigations. Status: ok
[1716923370.239][INFO]: [a464ec19f9704e9dfeae612002450708] RESPONSE GetElementText "292"
[1716923370.244][INFO]: [a464ec19f9704e9dfeae612002450708] COMMAND FindElement {
   "using": "xpath",
   "value": "/html/body/ytd-app/div[1]/ytd-page-manager/ytd-browse[2]/ytd-two-column-browse-results-renderer/div[1]/ytd-rich-grid-renderer/div[6]/ytd-rich-section-renderer[2]/div/ytd-rich-shelf-renderer/div[1]/div[2]/ytd-rich-item-renderer[2]/div/ytd-post-renderer/div[1]/div[3]/ytd-comment-action-buttons-renderer/div[1]/span[2]"
}
[1716923370.245][INFO]: Waiting for pending navigations...
[1716923370.257][INFO]: Done waiting for pending navigations. Status: ok
[1716923370.327][INFO]: Waiting for pending navigations...
[1716923370.351][INFO]: Done waiting for pending navigations. Status: ok
[1716923370.351][INFO]: [a464ec19f9704e9dfeae612002450708] RESPONSE FindElement {
   "element-6066-11e4-a52e-4f735466cecf": "cd6316b8-b23c-45f7-8d5e-a28294f02c48"
}
[1716923370.356][INFO]: [a464ec19f9704e9dfeae612002450708] COMMAND GetElementText {
   "id": "cd6316b8-b23c-45f7-8d5e-a28294f02c48"
}
[1716923370.356][INFO]: Waiting for pending navigations...
[1716923370.376][INFO]: Done waiting for pending navigations. Status: ok
[1716923370.440][INFO]: Waiting for pending navigations...
[1716923370.466][INFO]: Done waiting for pending navigations. Status: ok
[1716923370.466][INFO]: [a464ec19f9704e9dfeae612002450708] RESPONSE GetElementText "11"
[1716923370.474][INFO]: [a464ec19f9704e9dfeae612002450708] COMMAND FindElement {
   "using": "xpath",
   "value": "/html/body/ytd-app/div[1]/ytd-page-manager/ytd-browse[2]/ytd-two-column-browse-results-renderer/div[1]/ytd-rich-grid-renderer/div[6]/ytd-rich-section-renderer[2]/div/ytd-rich-shelf-renderer/div[1]/div[2]/ytd-rich-item-renderer[3]/div/ytd-post-renderer/div[1]/div[3]/ytd-comment-action-buttons-renderer/div[1]/span[2]"
}
[1716923370.474][INFO]: Waiting for pending navigations...
[1716923370.488][INFO]: Done waiting for pending navigations. Status: ok
[1716923370.557][INFO]: Waiting for pending navigations...
[1716923370.577][INFO]: Done waiting for pending navigations. Status: ok
[1716923370.577][INFO]: [a464ec19f9704e9dfeae612002450708] RESPONSE FindElement {
   "element-6066-11e4-a52e-4f735466cecf": "3fbf01dc-fc38-432a-a506-1b7c9843fc5f"
}
[1716923370.584][INFO]: [a464ec19f9704e9dfeae612002450708] COMMAND GetElementText {
   "id": "3fbf01dc-fc38-432a-a506-1b7c9843fc5f"
}
[1716923370.584][INFO]: Waiting for pending navigations...
[1716923370.603][INFO]: Done waiting for pending navigations. Status: ok
[1716923370.651][INFO]: Waiting for pending navigations...
[1716923370.688][INFO]: Done waiting for pending navigations. Status: ok
[1716923370.688][INFO]: [a464ec19f9704e9dfeae612002450708] RESPONSE GetElementText "582"
[1716923370.697][INFO]: [a464ec19f9704e9dfeae612002450708] COMMAND CloseWindow {
}
[1716923371.283][INFO]: [a464ec19f9704e9dfeae612002450708] RESPONSE CloseWindow [  ]
